2015-01-08 10:52:47.423 HID Product Solutions[25734:271484] DiskCookieStorage changing policy from 2 to 0, cookie file: file:///Users/MMcWilliams/Library/Developer/CoreSimulator/Devices/9002621D-9032-42D1-8DF8-4C99EE568D70/data/Containers/Data/Application/996B6259-06D2-48FF-8A38-C9F6C2018794/Library/Cookies/Cookies.binarycookies
2015-01-08 10:52:47.520 HID Product Solutions[25734:271484] Apache Cordova native platform version 3.7.0 is starting.
2015-01-08 10:52:47.520 HID Product Solutions[25734:271484] Multi-tasking -> Device: YES, App: YES
2015-01-08 10:52:47.560 HID Product Solutions[25734:271484] Unlimited access to network resources
2015-01-08 10:52:47.645 HID Product Solutions[25734:271484] 

Started backup to iCloud! Please be careful.
Your application might be rejected by Apple if you store too much data.
For more information please read "iOS Data Storage Guidelines" at:
https://developer.apple.com/icloud/documentation/data-storage/
To disable web storage backup to iCloud, set the BackupWebStorage preference to "local" in the Cordova config.xml file

2015-01-08 10:52:47.998 HID Product Solutions[25734:271484] CDVPlugin class SocialSharing (pluginName: socialsharing) does not exist.
2015-01-08 10:52:47.998 HID Product Solutions[25734:271484] [CDVTimer][socialsharing] 0.143051ms
2015-01-08 10:52:48.098 HID Product Solutions[25734:271484] [CDVTimer][splashscreen] 99.222958ms
2015-01-08 10:52:48.098 HID Product Solutions[25734:271484] [CDVTimer][TotalPluginStartup] 99.675000ms
2015-01-08 10:52:48.147 HID Product Solutions[25734:271484] Resetting plugins due to page load.
2015-01-08 10:52:48.462 HID Product Solutions[25734:271484] Finished load of: file:///Users/MMcWilliams/Library/Developer/CoreSimulator/Devices/9002621D-9032-42D1-8DF8-4C99EE568D70/data/Containers/Bundle/Application/766B36E4-5FF7-4F37-B7F6-A54E07E3B467/HID%20Product%20Solutions.app/www/index.html
2015-01-08 10:56:13.470 HID Product Solutions[26018:273223] DiskCookieStorage changing policy from 2 to 0, cookie file: file:///Users/MMcWilliams/Library/Developer/CoreSimulator/Devices/9002621D-9032-42D1-8DF8-4C99EE568D70/data/Containers/Data/Application/9AD5D99F-4846-4389-9DFB-77FFF79BBE5C/Library/Cookies/Cookies.binarycookies
2015-01-08 10:56:13.544 HID Product Solutions[26018:273223] Apache Cordova native platform version 3.7.0 is starting.
2015-01-08 10:56:13.544 HID Product Solutions[26018:273223] Multi-tasking -> Device: YES, App: YES
2015-01-08 10:56:13.545 HID Product Solutions[26018:273223] Unlimited access to network resources
2015-01-08 10:56:13.548 HID Product Solutions[26018:273223] 

Started backup to iCloud! Please be careful.
Your application might be rejected by Apple if you store too much data.
For more information please read "iOS Data Storage Guidelines" at:
https://developer.apple.com/icloud/documentation/data-storage/
To disable web storage backup to iCloud, set the BackupWebStorage preference to "local" in the Cordova config.xml file

2015-01-08 10:56:13.726 HID Product Solutions[26018:273223] CDVPlugin class SocialSharing (pluginName: socialsharing) does not exist.
2015-01-08 10:56:13.726 HID Product Solutions[26018:273223] [CDVTimer][socialsharing] 0.141025ms
2015-01-08 10:56:13.749 HID Product Solutions[26018:273223] [CDVTimer][splashscreen] 22.922993ms
2015-01-08 10:56:13.749 HID Product Solutions[26018:273223] [CDVTimer][TotalPluginStartup] 23.389995ms
2015-01-08 10:56:13.787 HID Product Solutions[26018:273223] Resetting plugins due to page load.
2015-01-08 10:56:13.946 HID Product Solutions[26018:273223] Finished load of: file:///Users/MMcWilliams/Library/Developer/CoreSimulator/Devices/9002621D-9032-42D1-8DF8-4C99EE568D70/data/Containers/Bundle/Application/A8338982-D140-450C-A89A-9593F430BF57/HID%20Product%20Solutions.app/www/index.html
2015-01-08 11:12:39.959 HID Product Solutions[26832:282281] DiskCookieStorage changing policy from 2 to 0, cookie file: file:///Users/MMcWilliams/Library/Developer/CoreSimulator/Devices/9002621D-9032-42D1-8DF8-4C99EE568D70/data/Containers/Data/Application/4F345173-3274-4E7E-9593-CE818BE525B0/Library/Cookies/Cookies.binarycookies
2015-01-08 11:12:40.198 HID Product Solutions[26832:282281] Apache Cordova native platform version 3.7.0 is starting.
2015-01-08 11:12:40.199 HID Product Solutions[26832:282281] Multi-tasking -> Device: YES, App: YES
2015-01-08 11:12:40.210 HID Product Solutions[26832:282281] Unlimited access to network resources
2015-01-08 11:12:40.218 HID Product Solutions[26832:282281] 

Started backup to iCloud! Please be careful.
Your application might be rejected by Apple if you store too much data.
For more information please read "iOS Data Storage Guidelines" at:
https://developer.apple.com/icloud/documentation/data-storage/
To disable web storage backup to iCloud, set the BackupWebStorage preference to "local" in the Cordova config.xml file

2015-01-08 11:12:40.562 HID Product Solutions[26832:282281] CDVPlugin class SocialSharing (pluginName: socialsharing) does not exist.
2015-01-08 11:12:40.562 HID Product Solutions[26832:282281] [CDVTimer][socialsharing] 0.558972ms
2015-01-08 11:12:40.680 HID Product Solutions[26832:282281] [CDVTimer][splashscreen] 117.585003ms
2015-01-08 11:12:40.680 HID Product Solutions[26832:282281] [CDVTimer][TotalPluginStartup] 118.465006ms
2015-01-08 11:12:40.738 HID Product Solutions[26832:282281] Resetting plugins due to page load.
2015-01-08 11:12:41.124 HID Product Solutions[26832:282281] Finished load of: file:///Users/MMcWilliams/Library/Developer/CoreSimulator/Devices/9002621D-9032-42D1-8DF8-4C99EE568D70/data/Containers/Bundle/Application/54FC0AE0-812E-4851-AD42-74A62C1EA10C/HID%20Product%20Solutions.app/www/index.html
2015-01-08 11:14:16.829 HID Product Solutions[27346:284656] DiskCookieStorage changing policy from 2 to 0, cookie file: file:///Users/MMcWilliams/Library/Developer/CoreSimulator/Devices/9002621D-9032-42D1-8DF8-4C99EE568D70/data/Containers/Data/Application/9D35986A-604D-45D6-973C-1D4938A5A285/Library/Cookies/Cookies.binarycookies
2015-01-08 11:14:17.005 HID Product Solutions[27346:284656] Apache Cordova native platform version 3.7.0 is starting.
2015-01-08 11:14:17.005 HID Product Solutions[27346:284656] Multi-tasking -> Device: YES, App: YES
2015-01-08 11:14:17.008 HID Product Solutions[27346:284656] Unlimited access to network resources
2015-01-08 11:14:17.010 HID Product Solutions[27346:284656] 

Started backup to iCloud! Please be careful.
Your application might be rejected by Apple if you store too much data.
For more information please read "iOS Data Storage Guidelines" at:
https://developer.apple.com/icloud/documentation/data-storage/
To disable web storage backup to iCloud, set the BackupWebStorage preference to "local" in the Cordova config.xml file

2015-01-08 11:14:17.188 HID Product Solutions[27346:284656] CDVPlugin class SocialSharing (pluginName: socialsharing) does not exist.
2015-01-08 11:14:17.189 HID Product Solutions[27346:284656] [CDVTimer][socialsharing] 0.177979ms
2015-01-08 11:14:17.217 HID Product Solutions[27346:284656] [CDVTimer][splashscreen] 28.663993ms
2015-01-08 11:14:17.217 HID Product Solutions[27346:284656] [CDVTimer][TotalPluginStartup] 29.143035ms
2015-01-08 11:14:17.763 HID Product Solutions[27346:284656] Resetting plugins due to page load.
2015-01-08 11:14:17.999 HID Product Solutions[27346:284656] Finished load of: file:///Users/MMcWilliams/Library/Developer/CoreSimulator/Devices/9002621D-9032-42D1-8DF8-4C99EE568D70/data/Containers/Bundle/Application/AE2E9155-DA61-47B1-9A88-1F2B8555BCA8/HID%20Product%20Solutions.app/www/index.html
2015-01-08 11:15:16.962 HID Product Solutions[27596:285979] DiskCookieStorage changing policy from 2 to 0, cookie file: file:///Users/MMcWilliams/Library/Developer/CoreSimulator/Devices/9002621D-9032-42D1-8DF8-4C99EE568D70/data/Containers/Data/Application/B2D6D61E-09D1-439E-A519-83B08BBB41E9/Library/Cookies/Cookies.binarycookies
2015-01-08 11:15:17.045 HID Product Solutions[27596:285979] Apache Cordova native platform version 3.7.0 is starting.
2015-01-08 11:15:17.045 HID Product Solutions[27596:285979] Multi-tasking -> Device: YES, App: YES
2015-01-08 11:15:17.047 HID Product Solutions[27596:285979] Unlimited access to network resources
2015-01-08 11:15:17.049 HID Product Solutions[27596:285979] 

Started backup to iCloud! Please be careful.
Your application might be rejected by Apple if you store too much data.
For more information please read "iOS Data Storage Guidelines" at:
https://developer.apple.com/icloud/documentation/data-storage/
To disable web storage backup to iCloud, set the BackupWebStorage preference to "local" in the Cordova config.xml file

2015-01-08 11:15:17.216 HID Product Solutions[27596:285979] CDVPlugin class SocialSharing (pluginName: socialsharing) does not exist.
2015-01-08 11:15:17.217 HID Product Solutions[27596:285979] [CDVTimer][socialsharing] 0.150025ms
2015-01-08 11:15:17.244 HID Product Solutions[27596:285979] [CDVTimer][splashscreen] 26.904047ms
2015-01-08 11:15:17.244 HID Product Solutions[27596:285979] [CDVTimer][TotalPluginStartup] 27.338982ms
2015-01-08 11:15:17.276 HID Product Solutions[27596:285979] Resetting plugins due to page load.
2015-01-08 11:15:17.431 HID Product Solutions[27596:285979] Finished load of: file:///Users/MMcWilliams/Library/Developer/CoreSimulator/Devices/9002621D-9032-42D1-8DF8-4C99EE568D70/data/Containers/Bundle/Application/FF8C7C77-EB52-4E89-A70A-A716FF8D9C20/HID%20Product%20Solutions.app/www/index.html
2015-01-08 11:23:13.005 HID Product Solutions[28032:290026] DiskCookieStorage changing policy from 2 to 0, cookie file: file:///Users/MMcWilliams/Library/Developer/CoreSimulator/Devices/9002621D-9032-42D1-8DF8-4C99EE568D70/data/Containers/Data/Application/52B8323E-7CD8-43A4-985F-95878103025F/Library/Cookies/Cookies.binarycookies
2015-01-08 11:23:13.089 HID Product Solutions[28032:290026] Apache Cordova native platform version 3.7.0 is starting.
2015-01-08 11:23:13.089 HID Product Solutions[28032:290026] Multi-tasking -> Device: YES, App: YES
2015-01-08 11:23:13.091 HID Product Solutions[28032:290026] Unlimited access to network resources
2015-01-08 11:23:13.093 HID Product Solutions[28032:290026] 

Started backup to iCloud! Please be careful.
Your application might be rejected by Apple if you store too much data.
For more information please read "iOS Data Storage Guidelines" at:
https://developer.apple.com/icloud/documentation/data-storage/
To disable web storage backup to iCloud, set the BackupWebStorage preference to "local" in the Cordova config.xml file

2015-01-08 11:23:13.284 HID Product Solutions[28032:290026] CDVPlugin class SocialSharing (pluginName: socialsharing) does not exist.
2015-01-08 11:23:13.284 HID Product Solutions[28032:290026] [CDVTimer][socialsharing] 0.149965ms
2015-01-08 11:23:13.305 HID Product Solutions[28032:290026] [CDVTimer][splashscreen] 20.794988ms
2015-01-08 11:23:13.305 HID Product Solutions[28032:290026] [CDVTimer][TotalPluginStartup] 21.270990ms
2015-01-08 11:23:13.338 HID Product Solutions[28032:290026] Resetting plugins due to page load.
2015-01-08 11:23:13.496 HID Product Solutions[28032:290026] Finished load of: file:///Users/MMcWilliams/Library/Developer/CoreSimulator/Devices/9002621D-9032-42D1-8DF8-4C99EE568D70/data/Containers/Bundle/Application/C2C3EB0A-9696-4930-AFA7-83B48FFAFB30/HID%20Product%20Solutions.app/www/index.html
2015-01-08 11:24:34.452 HID Product Solutions[28333:291326] DiskCookieStorage changing policy from 2 to 0, cookie file: file:///Users/MMcWilliams/Library/Developer/CoreSimulator/Devices/9002621D-9032-42D1-8DF8-4C99EE568D70/data/Containers/Data/Application/BC9990BE-E450-43B8-90FC-181C2B60B653/Library/Cookies/Cookies.binarycookies
2015-01-08 11:24:34.536 HID Product Solutions[28333:291326] Apache Cordova native platform version 3.7.0 is starting.
2015-01-08 11:24:34.536 HID Product Solutions[28333:291326] Multi-tasking -> Device: YES, App: YES
2015-01-08 11:24:34.537 HID Product Solutions[28333:291326] Unlimited access to network resources
2015-01-08 11:24:34.539 HID Product Solutions[28333:291326] 

Started backup to iCloud! Please be careful.
Your application might be rejected by Apple if you store too much data.
For more information please read "iOS Data Storage Guidelines" at:
https://developer.apple.com/icloud/documentation/data-storage/
To disable web storage backup to iCloud, set the BackupWebStorage preference to "local" in the Cordova config.xml file

2015-01-08 11:24:34.709 HID Product Solutions[28333:291326] CDVPlugin class SocialSharing (pluginName: socialsharing) does not exist.
2015-01-08 11:24:34.709 HID Product Solutions[28333:291326] [CDVTimer][socialsharing] 0.149965ms
2015-01-08 11:24:34.740 HID Product Solutions[28333:291326] [CDVTimer][splashscreen] 30.354977ms
2015-01-08 11:24:34.740 HID Product Solutions[28333:291326] [CDVTimer][TotalPluginStartup] 30.822039ms
2015-01-08 11:24:34.774 HID Product Solutions[28333:291326] Resetting plugins due to page load.
2015-01-08 11:24:34.927 HID Product Solutions[28333:291326] Finished load of: file:///Users/MMcWilliams/Library/Developer/CoreSimulator/Devices/9002621D-9032-42D1-8DF8-4C99EE568D70/data/Containers/Bundle/Application/A83B754E-F1C0-44C3-873F-5705DF29F566/HID%20Product%20Solutions.app/www/index.html
2015-01-08 11:28:25.952 HID Product Solutions[28625:293687] DiskCookieStorage changing policy from 2 to 0, cookie file: file:///Users/MMcWilliams/Library/Developer/CoreSimulator/Devices/9002621D-9032-42D1-8DF8-4C99EE568D70/data/Containers/Data/Application/2CAC9425-5C9C-43D7-9B5B-4C4A27D2FD26/Library/Cookies/Cookies.binarycookies
2015-01-08 11:28:26.030 HID Product Solutions[28625:293687] Apache Cordova native platform version 3.7.0 is starting.
2015-01-08 11:28:26.030 HID Product Solutions[28625:293687] Multi-tasking -> Device: YES, App: YES
2015-01-08 11:28:26.031 HID Product Solutions[28625:293687] Unlimited access to network resources
2015-01-08 11:28:26.033 HID Product Solutions[28625:293687] 

Started backup to iCloud! Please be careful.
Your application might be rejected by Apple if you store too much data.
For more information please read "iOS Data Storage Guidelines" at:
https://developer.apple.com/icloud/documentation/data-storage/
To disable web storage backup to iCloud, set the BackupWebStorage preference to "local" in the Cordova config.xml file

2015-01-08 11:28:26.198 HID Product Solutions[28625:293687] CDVPlugin class SocialSharing (pluginName: socialsharing) does not exist.
2015-01-08 11:28:26.198 HID Product Solutions[28625:293687] [CDVTimer][socialsharing] 0.150979ms
2015-01-08 11:28:26.237 HID Product Solutions[28625:293687] [CDVTimer][splashscreen] 38.872957ms
2015-01-08 11:28:26.237 HID Product Solutions[28625:293687] [CDVTimer][TotalPluginStartup] 39.315045ms
2015-01-08 11:28:26.273 HID Product Solutions[28625:293687] Resetting plugins due to page load.
2015-01-08 11:28:26.426 HID Product Solutions[28625:293687] Finished load of: file:///Users/MMcWilliams/Library/Developer/CoreSimulator/Devices/9002621D-9032-42D1-8DF8-4C99EE568D70/data/Containers/Bundle/Application/5973B676-E5E5-4C82-A12E-5B82678972D5/HID%20Product%20Solutions.app/www/index.html
2015-01-08 11:35:53.003 HID Product Solutions[29016:297090] DiskCookieStorage changing policy from 2 to 0, cookie file: file:///Users/MMcWilliams/Library/Developer/CoreSimulator/Devices/9002621D-9032-42D1-8DF8-4C99EE568D70/data/Containers/Data/Application/41BEE1AA-A40A-4DE5-9868-6F3D980F2494/Library/Cookies/Cookies.binarycookies
2015-01-08 11:35:53.087 HID Product Solutions[29016:297090] Apache Cordova native platform version 3.7.0 is starting.
2015-01-08 11:35:53.087 HID Product Solutions[29016:297090] Multi-tasking -> Device: YES, App: YES
2015-01-08 11:35:53.088 HID Product Solutions[29016:297090] Unlimited access to network resources
2015-01-08 11:35:53.091 HID Product Solutions[29016:297090] 

Started backup to iCloud! Please be careful.
Your application might be rejected by Apple if you store too much data.
For more information please read "iOS Data Storage Guidelines" at:
https://developer.apple.com/icloud/documentation/data-storage/
To disable web storage backup to iCloud, set the BackupWebStorage preference to "local" in the Cordova config.xml file

2015-01-08 11:35:53.260 HID Product Solutions[29016:297090] CDVPlugin class SocialSharing (pluginName: socialsharing) does not exist.
2015-01-08 11:35:53.261 HID Product Solutions[29016:297090] [CDVTimer][socialsharing] 0.168979ms
2015-01-08 11:35:53.291 HID Product Solutions[29016:297090] [CDVTimer][splashscreen] 30.089021ms
2015-01-08 11:35:53.291 HID Product Solutions[29016:297090] [CDVTimer][TotalPluginStartup] 30.543029ms
2015-01-08 11:35:53.323 HID Product Solutions[29016:297090] Resetting plugins due to page load.
2015-01-08 11:35:53.480 HID Product Solutions[29016:297090] Finished load of: file:///Users/MMcWilliams/Library/Developer/CoreSimulator/Devices/9002621D-9032-42D1-8DF8-4C99EE568D70/data/Containers/Bundle/Application/48AFDE05-D8CF-4C37-82F7-896B1C0FA15A/HID%20Product%20Solutions.app/www/index.html
2015-01-08 11:37:24.472 HID Product Solutions[29286:298369] DiskCookieStorage changing policy from 2 to 0, cookie file: file:///Users/MMcWilliams/Library/Developer/CoreSimulator/Devices/9002621D-9032-42D1-8DF8-4C99EE568D70/data/Containers/Data/Application/1F2ECEB5-A48C-4D25-A04D-33DC0EBA3431/Library/Cookies/Cookies.binarycookies
2015-01-08 11:37:24.559 HID Product Solutions[29286:298369] Apache Cordova native platform version 3.7.0 is starting.
2015-01-08 11:37:24.559 HID Product Solutions[29286:298369] Multi-tasking -> Device: YES, App: YES
2015-01-08 11:37:24.561 HID Product Solutions[29286:298369] Unlimited access to network resources
2015-01-08 11:37:24.563 HID Product Solutions[29286:298369] 

Started backup to iCloud! Please be careful.
Your application might be rejected by Apple if you store too much data.
For more information please read "iOS Data Storage Guidelines" at:
https://developer.apple.com/icloud/documentation/data-storage/
To disable web storage backup to iCloud, set the BackupWebStorage preference to "local" in the Cordova config.xml file

2015-01-08 11:37:24.730 HID Product Solutions[29286:298369] CDVPlugin class SocialSharing (pluginName: socialsharing) does not exist.
2015-01-08 11:37:24.730 HID Product Solutions[29286:298369] [CDVTimer][socialsharing] 0.149012ms
2015-01-08 11:37:24.758 HID Product Solutions[29286:298369] [CDVTimer][splashscreen] 27.803004ms
2015-01-08 11:37:24.759 HID Product Solutions[29286:298369] [CDVTimer][TotalPluginStartup] 28.231978ms
2015-01-08 11:37:24.793 HID Product Solutions[29286:298369] Resetting plugins due to page load.
2015-01-08 11:37:24.948 HID Product Solutions[29286:298369] Finished load of: file:///Users/MMcWilliams/Library/Developer/CoreSimulator/Devices/9002621D-9032-42D1-8DF8-4C99EE568D70/data/Containers/Bundle/Application/6096D2D3-A5FD-4F8E-AC92-6F0B84DE6CF0/HID%20Product%20Solutions.app/www/index.html
2015-01-08 11:41:26.210 HID Product Solutions[29623:300633] DiskCookieStorage changing policy from 2 to 0, cookie file: file:///Users/MMcWilliams/Library/Developer/CoreSimulator/Devices/9002621D-9032-42D1-8DF8-4C99EE568D70/data/Containers/Data/Application/408FE43B-D22E-40E0-91C5-E4A18AD62F1B/Library/Cookies/Cookies.binarycookies
2015-01-08 11:41:26.295 HID Product Solutions[29623:300633] Apache Cordova native platform version 3.7.0 is starting.
2015-01-08 11:41:26.296 HID Product Solutions[29623:300633] Multi-tasking -> Device: YES, App: YES
2015-01-08 11:41:26.297 HID Product Solutions[29623:300633] Unlimited access to network resources
2015-01-08 11:41:26.299 HID Product Solutions[29623:300633] 

Started backup to iCloud! Please be careful.
Your application might be rejected by Apple if you store too much data.
For more information please read "iOS Data Storage Guidelines" at:
https://developer.apple.com/icloud/documentation/data-storage/
To disable web storage backup to iCloud, set the BackupWebStorage preference to "local" in the Cordova config.xml file

2015-01-08 11:41:26.469 HID Product Solutions[29623:300633] CDVPlugin class SocialSharing (pluginName: socialsharing) does not exist.
2015-01-08 11:41:26.469 HID Product Solutions[29623:300633] [CDVTimer][socialsharing] 0.151038ms
2015-01-08 11:41:26.519 HID Product Solutions[29623:300633] [CDVTimer][splashscreen] 49.199998ms
2015-01-08 11:41:26.519 HID Product Solutions[29623:300633] [CDVTimer][TotalPluginStartup] 49.667001ms
2015-01-08 11:41:26.553 HID Product Solutions[29623:300633] Resetting plugins due to page load.
2015-01-08 11:41:26.713 HID Product Solutions[29623:300633] Finished load of: file:///Users/MMcWilliams/Library/Developer/CoreSimulator/Devices/9002621D-9032-42D1-8DF8-4C99EE568D70/data/Containers/Bundle/Application/D78155DE-F49D-4B20-94D0-18389F722154/HID%20Product%20Solutions.app/www/index.html
2015-01-08 11:47:42.278 HID Product Solutions[29966:303921] DiskCookieStorage changing policy from 2 to 0, cookie file: file:///Users/MMcWilliams/Library/Developer/CoreSimulator/Devices/9002621D-9032-42D1-8DF8-4C99EE568D70/data/Containers/Data/Application/EB68A406-AC17-45C7-9170-FB0510EF7BBA/Library/Cookies/Cookies.binarycookies
2015-01-08 11:47:42.364 HID Product Solutions[29966:303921] Apache Cordova native platform version 3.7.0 is starting.
2015-01-08 11:47:42.364 HID Product Solutions[29966:303921] Multi-tasking -> Device: YES, App: YES
2015-01-08 11:47:42.365 HID Product Solutions[29966:303921] Unlimited access to network resources
2015-01-08 11:47:42.368 HID Product Solutions[29966:303921] 

Started backup to iCloud! Please be careful.
Your application might be rejected by Apple if you store too much data.
For more information please read "iOS Data Storage Guidelines" at:
https://developer.apple.com/icloud/documentation/data-storage/
To disable web storage backup to iCloud, set the BackupWebStorage preference to "local" in the Cordova config.xml file

2015-01-08 11:47:42.545 HID Product Solutions[29966:303921] CDVPlugin class SocialSharing (pluginName: socialsharing) does not exist.
2015-01-08 11:47:42.545 HID Product Solutions[29966:303921] [CDVTimer][socialsharing] 0.145972ms
2015-01-08 11:47:42.574 HID Product Solutions[29966:303921] [CDVTimer][splashscreen] 28.674006ms
2015-01-08 11:47:42.574 HID Product Solutions[29966:303921] [CDVTimer][TotalPluginStartup] 29.078007ms
2015-01-08 11:47:42.606 HID Product Solutions[29966:303921] Resetting plugins due to page load.
2015-01-08 11:47:42.804 HID Product Solutions[29966:303921] Finished load of: file:///Users/MMcWilliams/Library/Developer/CoreSimulator/Devices/9002621D-9032-42D1-8DF8-4C99EE568D70/data/Containers/Bundle/Application/88882601-EDF5-4A4B-8411-59168B6BB103/HID%20Product%20Solutions.app/www/index.html
2015-01-08 11:48:56.718 HID Product Solutions[30255:305107] DiskCookieStorage changing policy from 2 to 0, cookie file: file:///Users/MMcWilliams/Library/Developer/CoreSimulator/Devices/9002621D-9032-42D1-8DF8-4C99EE568D70/data/Containers/Data/Application/38F9AFDA-42D3-4756-82AB-1BAAE00F28E1/Library/Cookies/Cookies.binarycookies
2015-01-08 11:48:56.805 HID Product Solutions[30255:305107] Apache Cordova native platform version 3.7.0 is starting.
2015-01-08 11:48:56.805 HID Product Solutions[30255:305107] Multi-tasking -> Device: YES, App: YES
2015-01-08 11:48:56.806 HID Product Solutions[30255:305107] Unlimited access to network resources
2015-01-08 11:48:56.808 HID Product Solutions[30255:305107] 

Started backup to iCloud! Please be careful.
Your application might be rejected by Apple if you store too much data.
For more information please read "iOS Data Storage Guidelines" at:
https://developer.apple.com/icloud/documentation/data-storage/
To disable web storage backup to iCloud, set the BackupWebStorage preference to "local" in the Cordova config.xml file

2015-01-08 11:48:56.978 HID Product Solutions[30255:305107] CDVPlugin class SocialSharing (pluginName: socialsharing) does not exist.
2015-01-08 11:48:56.979 HID Product Solutions[30255:305107] [CDVTimer][socialsharing] 0.141025ms
2015-01-08 11:48:57.009 HID Product Solutions[30255:305107] [CDVTimer][splashscreen] 29.922009ms
2015-01-08 11:48:57.009 HID Product Solutions[30255:305107] [CDVTimer][TotalPluginStartup] 30.340016ms
2015-01-08 11:48:57.041 HID Product Solutions[30255:305107] Resetting plugins due to page load.
2015-01-08 11:48:57.223 HID Product Solutions[30255:305107] Finished load of: file:///Users/MMcWilliams/Library/Developer/CoreSimulator/Devices/9002621D-9032-42D1-8DF8-4C99EE568D70/data/Containers/Bundle/Application/DF14950D-9F83-4860-B3C7-549068B3828F/HID%20Product%20Solutions.app/www/index.html
2015-01-08 11:49:43.705 HID Product Solutions[30810:306671] DiskCookieStorage changing policy from 2 to 0, cookie file: file:///Users/MMcWilliams/Library/Developer/CoreSimulator/Devices/9002621D-9032-42D1-8DF8-4C99EE568D70/data/Containers/Data/Application/0A240C8A-968C-428B-9AAD-D9C051BEF305/Library/Cookies/Cookies.binarycookies
2015-01-08 11:49:43.791 HID Product Solutions[30810:306671] Apache Cordova native platform version 3.7.0 is starting.
2015-01-08 11:49:43.791 HID Product Solutions[30810:306671] Multi-tasking -> Device: YES, App: YES
2015-01-08 11:49:43.792 HID Product Solutions[30810:306671] Unlimited access to network resources
2015-01-08 11:49:43.795 HID Product Solutions[30810:306671] 

Started backup to iCloud! Please be careful.
Your application might be rejected by Apple if you store too much data.
For more information please read "iOS Data Storage Guidelines" at:
https://developer.apple.com/icloud/documentation/data-storage/
To disable web storage backup to iCloud, set the BackupWebStorage preference to "local" in the Cordova config.xml file

2015-01-08 11:49:43.978 HID Product Solutions[30810:306671] CDVPlugin class SocialSharing (pluginName: socialsharing) does not exist.
2015-01-08 11:49:43.978 HID Product Solutions[30810:306671] [CDVTimer][socialsharing] 0.150979ms
2015-01-08 11:49:44.034 HID Product Solutions[30810:306671] [CDVTimer][splashscreen] 55.185974ms
2015-01-08 11:49:44.034 HID Product Solutions[30810:306671] [CDVTimer][TotalPluginStartup] 55.628955ms
2015-01-08 11:49:44.067 HID Product Solutions[30810:306671] Resetting plugins due to page load.
2015-01-08 11:49:44.282 HID Product Solutions[30810:306671] Finished load of: file:///Users/MMcWilliams/Library/Developer/CoreSimulator/Devices/9002621D-9032-42D1-8DF8-4C99EE568D70/data/Containers/Bundle/Application/A81577FC-6993-4265-BDA1-72F294A8421A/HID%20Product%20Solutions.app/www/index.html
2015-01-08 11:52:28.070 HID Product Solutions[31106:308578] DiskCookieStorage changing policy from 2 to 0, cookie file: file:///Users/MMcWilliams/Library/Developer/CoreSimulator/Devices/9002621D-9032-42D1-8DF8-4C99EE568D70/data/Containers/Data/Application/72F824B4-D2E0-4D17-8376-25098976BE4D/Library/Cookies/Cookies.binarycookies
2015-01-08 11:52:28.143 HID Product Solutions[31106:308578] Apache Cordova native platform version 3.7.0 is starting.
2015-01-08 11:52:28.143 HID Product Solutions[31106:308578] Multi-tasking -> Device: YES, App: YES
2015-01-08 11:52:28.145 HID Product Solutions[31106:308578] Unlimited access to network resources
2015-01-08 11:52:28.147 HID Product Solutions[31106:308578] 

Started backup to iCloud! Please be careful.
Your application might be rejected by Apple if you store too much data.
For more information please read "iOS Data Storage Guidelines" at:
https://developer.apple.com/icloud/documentation/data-storage/
To disable web storage backup to iCloud, set the BackupWebStorage preference to "local" in the Cordova config.xml file

2015-01-08 11:52:28.321 HID Product Solutions[31106:308578] CDVPlugin class SocialSharing (pluginName: socialsharing) does not exist.
2015-01-08 11:52:28.321 HID Product Solutions[31106:308578] [CDVTimer][socialsharing] 0.145972ms
2015-01-08 11:52:28.343 HID Product Solutions[31106:308578] [CDVTimer][splashscreen] 21.730006ms
2015-01-08 11:52:28.343 HID Product Solutions[31106:308578] [CDVTimer][TotalPluginStartup] 22.155046ms
2015-01-08 11:52:28.376 HID Product Solutions[31106:308578] Resetting plugins due to page load.
2015-01-08 11:52:28.551 HID Product Solutions[31106:308578] Finished load of: file:///Users/MMcWilliams/Library/Developer/CoreSimulator/Devices/9002621D-9032-42D1-8DF8-4C99EE568D70/data/Containers/Bundle/Application/7C93435D-D78A-4393-A489-7EF4E6107E68/HID%20Product%20Solutions.app/www/index.html
2015-01-08 11:54:39.385 HID Product Solutions[31379:310292] DiskCookieStorage changing policy from 2 to 0, cookie file: file:///Users/MMcWilliams/Library/Developer/CoreSimulator/Devices/9002621D-9032-42D1-8DF8-4C99EE568D70/data/Containers/Data/Application/E071029F-2B21-4C39-BE04-CC9CB21A701A/Library/Cookies/Cookies.binarycookies
2015-01-08 11:54:39.464 HID Product Solutions[31379:310292] Apache Cordova native platform version 3.7.0 is starting.
2015-01-08 11:54:39.464 HID Product Solutions[31379:310292] Multi-tasking -> Device: YES, App: YES
2015-01-08 11:54:39.466 HID Product Solutions[31379:310292] Unlimited access to network resources
2015-01-08 11:54:39.468 HID Product Solutions[31379:310292] 

Started backup to iCloud! Please be careful.
Your application might be rejected by Apple if you store too much data.
For more information please read "iOS Data Storage Guidelines" at:
https://developer.apple.com/icloud/documentation/data-storage/
To disable web storage backup to iCloud, set the BackupWebStorage preference to "local" in the Cordova config.xml file

2015-01-08 11:54:39.648 HID Product Solutions[31379:310292] CDVPlugin class SocialSharing (pluginName: socialsharing) does not exist.
2015-01-08 11:54:39.648 HID Product Solutions[31379:310292] [CDVTimer][socialsharing] 0.145018ms
2015-01-08 11:54:39.692 HID Product Solutions[31379:310292] [CDVTimer][splashscreen] 44.050992ms
2015-01-08 11:54:39.692 HID Product Solutions[31379:310292] [CDVTimer][TotalPluginStartup] 44.544041ms
2015-01-08 11:54:39.728 HID Product Solutions[31379:310292] Resetting plugins due to page load.
2015-01-08 11:54:39.928 HID Product Solutions[31379:310292] Finished load of: file:///Users/MMcWilliams/Library/Developer/CoreSimulator/Devices/9002621D-9032-42D1-8DF8-4C99EE568D70/data/Containers/Bundle/Application/8419D103-C476-4414-BE21-37ED1B6973C8/HID%20Product%20Solutions.app/www/index.html
2015-01-08 12:03:42.295 HID Product Solutions[31870:315053] DiskCookieStorage changing policy from 2 to 0, cookie file: file:///Users/MMcWilliams/Library/Developer/CoreSimulator/Devices/9002621D-9032-42D1-8DF8-4C99EE568D70/data/Containers/Data/Application/30F64C27-EA51-42D3-B1F4-1626911633CE/Library/Cookies/Cookies.binarycookies
2015-01-08 12:03:42.574 HID Product Solutions[31870:315053] Apache Cordova native platform version 3.7.0 is starting.
2015-01-08 12:03:42.575 HID Product Solutions[31870:315053] Multi-tasking -> Device: YES, App: YES
2015-01-08 12:03:42.587 HID Product Solutions[31870:315053] Unlimited access to network resources
2015-01-08 12:03:42.598 HID Product Solutions[31870:315053] 

Started backup to iCloud! Please be careful.
Your application might be rejected by Apple if you store too much data.
For more information please read "iOS Data Storage Guidelines" at:
https://developer.apple.com/icloud/documentation/data-storage/
To disable web storage backup to iCloud, set the BackupWebStorage preference to "local" in the Cordova config.xml file

2015-01-08 12:03:42.973 HID Product Solutions[31870:315053] CDVPlugin class SocialSharing (pluginName: socialsharing) does not exist.
2015-01-08 12:03:42.973 HID Product Solutions[31870:315053] [CDVTimer][socialsharing] 0.143051ms
2015-01-08 12:03:43.119 HID Product Solutions[31870:315053] [CDVTimer][splashscreen] 145.362020ms
2015-01-08 12:03:43.119 HID Product Solutions[31870:315053] [CDVTimer][TotalPluginStartup] 146.176040ms
2015-01-08 12:03:43.188 HID Product Solutions[31870:315053] Resetting plugins due to page load.
2015-01-08 12:03:43.554 HID Product Solutions[31870:315053] Finished load of: file:///Users/MMcWilliams/Library/Developer/CoreSimulator/Devices/9002621D-9032-42D1-8DF8-4C99EE568D70/data/Containers/Bundle/Application/A289F035-CFA9-44D1-980E-5D61D7E88EE6/HID%20Product%20Solutions.app/www/index.html
2015-01-08 12:05:22.270 HID Product Solutions[32133:316306] DiskCookieStorage changing policy from 2 to 0, cookie file: file:///Users/MMcWilliams/Library/Developer/CoreSimulator/Devices/9002621D-9032-42D1-8DF8-4C99EE568D70/data/Containers/Data/Application/BB720A8E-A251-40CA-91E0-F7E9674B6530/Library/Cookies/Cookies.binarycookies
2015-01-08 12:05:22.355 HID Product Solutions[32133:316306] Apache Cordova native platform version 3.7.0 is starting.
2015-01-08 12:05:22.355 HID Product Solutions[32133:316306] Multi-tasking -> Device: YES, App: YES
2015-01-08 12:05:22.356 HID Product Solutions[32133:316306] Unlimited access to network resources
2015-01-08 12:05:22.359 HID Product Solutions[32133:316306] 

Started backup to iCloud! Please be careful.
Your application might be rejected by Apple if you store too much data.
For more information please read "iOS Data Storage Guidelines" at:
https://developer.apple.com/icloud/documentation/data-storage/
To disable web storage backup to iCloud, set the BackupWebStorage preference to "local" in the Cordova config.xml file

2015-01-08 12:05:22.532 HID Product Solutions[32133:316306] CDVPlugin class SocialSharing (pluginName: socialsharing) does not exist.
2015-01-08 12:05:22.532 HID Product Solutions[32133:316306] [CDVTimer][socialsharing] 0.147998ms
2015-01-08 12:05:22.562 HID Product Solutions[32133:316306] [CDVTimer][splashscreen] 29.596031ms
2015-01-08 12:05:22.562 HID Product Solutions[32133:316306] [CDVTimer][TotalPluginStartup] 30.069053ms
2015-01-08 12:05:22.596 HID Product Solutions[32133:316306] Resetting plugins due to page load.
2015-01-08 12:05:22.794 HID Product Solutions[32133:316306] Finished load of: file:///Users/MMcWilliams/Library/Developer/CoreSimulator/Devices/9002621D-9032-42D1-8DF8-4C99EE568D70/data/Containers/Bundle/Application/055B218B-04A3-4D87-93A8-87A3758FBE6F/HID%20Product%20Solutions.app/www/index.html
2015-01-08 12:15:56.891 HID Product Solutions[32516:320806] DiskCookieStorage changing policy from 2 to 0, cookie file: file:///Users/MMcWilliams/Library/Developer/CoreSimulator/Devices/9002621D-9032-42D1-8DF8-4C99EE568D70/data/Containers/Data/Application/C5F908C7-6E97-490B-A70E-DC6A8F0CEFFC/Library/Cookies/Cookies.binarycookies
2015-01-08 12:15:56.981 HID Product Solutions[32516:320806] Apache Cordova native platform version 3.7.0 is starting.
2015-01-08 12:15:56.982 HID Product Solutions[32516:320806] Multi-tasking -> Device: YES, App: YES
2015-01-08 12:15:56.983 HID Product Solutions[32516:320806] Unlimited access to network resources
2015-01-08 12:15:56.985 HID Product Solutions[32516:320806] 

Started backup to iCloud! Please be careful.
Your application might be rejected by Apple if you store too much data.
For more information please read "iOS Data Storage Guidelines" at:
https://developer.apple.com/icloud/documentation/data-storage/
To disable web storage backup to iCloud, set the BackupWebStorage preference to "local" in the Cordova config.xml file

2015-01-08 12:15:57.182 HID Product Solutions[32516:320806] CDVPlugin class SocialSharing (pluginName: socialsharing) does not exist.
2015-01-08 12:15:57.182 HID Product Solutions[32516:320806] [CDVTimer][socialsharing] 0.150025ms
2015-01-08 12:15:57.239 HID Product Solutions[32516:320806] [CDVTimer][splashscreen] 56.273997ms
2015-01-08 12:15:57.239 HID Product Solutions[32516:320806] [CDVTimer][TotalPluginStartup] 56.712985ms
2015-01-08 12:15:57.272 HID Product Solutions[32516:320806] Resetting plugins due to page load.
2015-01-08 12:15:57.484 HID Product Solutions[32516:320806] Finished load of: file:///Users/MMcWilliams/Library/Developer/CoreSimulator/Devices/9002621D-9032-42D1-8DF8-4C99EE568D70/data/Containers/Bundle/Application/37ECA30C-EECE-4E50-B7B6-1E61DBF4500B/HID%20Product%20Solutions.app/www/index.html
2015-01-08 12:18:14.068 HID Product Solutions[32786:322099] DiskCookieStorage changing policy from 2 to 0, cookie file: file:///Users/MMcWilliams/Library/Developer/CoreSimulator/Devices/9002621D-9032-42D1-8DF8-4C99EE568D70/data/Containers/Data/Application/5A007035-40CA-40B2-8F1A-34B8D62EBCB0/Library/Cookies/Cookies.binarycookies
2015-01-08 12:18:14.156 HID Product Solutions[32786:322099] Apache Cordova native platform version 3.7.0 is starting.
2015-01-08 12:18:14.156 HID Product Solutions[32786:322099] Multi-tasking -> Device: YES, App: YES
2015-01-08 12:18:14.158 HID Product Solutions[32786:322099] Unlimited access to network resources
2015-01-08 12:18:14.160 HID Product Solutions[32786:322099] 

Started backup to iCloud! Please be careful.
Your application might be rejected by Apple if you store too much data.
For more information please read "iOS Data Storage Guidelines" at:
https://developer.apple.com/icloud/documentation/data-storage/
To disable web storage backup to iCloud, set the BackupWebStorage preference to "local" in the Cordova config.xml file

2015-01-08 12:18:14.334 HID Product Solutions[32786:322099] CDVPlugin class SocialSharing (pluginName: socialsharing) does not exist.
2015-01-08 12:18:14.334 HID Product Solutions[32786:322099] [CDVTimer][socialsharing] 0.147998ms
2015-01-08 12:18:14.361 HID Product Solutions[32786:322099] [CDVTimer][splashscreen] 27.073026ms
2015-01-08 12:18:14.361 HID Product Solutions[32786:322099] [CDVTimer][TotalPluginStartup] 27.478039ms
2015-01-08 12:18:14.395 HID Product Solutions[32786:322099] Resetting plugins due to page load.
2015-01-08 12:18:14.573 HID Product Solutions[32786:322099] Finished load of: file:///Users/MMcWilliams/Library/Developer/CoreSimulator/Devices/9002621D-9032-42D1-8DF8-4C99EE568D70/data/Containers/Bundle/Application/724152F6-B6E1-45C1-9099-EFC38C74FD98/HID%20Product%20Solutions.app/www/index.html
2015-01-08 13:11:48.948 HID Product Solutions[33449:336220] DiskCookieStorage changing policy from 2 to 0, cookie file: file:///Users/MMcWilliams/Library/Developer/CoreSimulator/Devices/9002621D-9032-42D1-8DF8-4C99EE568D70/data/Containers/Data/Application/25703805-C08F-4500-B227-8DEBC3ECE5EC/Library/Cookies/Cookies.binarycookies
2015-01-08 13:11:49.036 HID Product Solutions[33449:336220] Apache Cordova native platform version 3.7.0 is starting.
2015-01-08 13:11:49.036 HID Product Solutions[33449:336220] Multi-tasking -> Device: YES, App: YES
2015-01-08 13:11:49.038 HID Product Solutions[33449:336220] Unlimited access to network resources
2015-01-08 13:11:49.040 HID Product Solutions[33449:336220] 

Started backup to iCloud! Please be careful.
Your application might be rejected by Apple if you store too much data.
For more information please read "iOS Data Storage Guidelines" at:
https://developer.apple.com/icloud/documentation/data-storage/
To disable web storage backup to iCloud, set the BackupWebStorage preference to "local" in the Cordova config.xml file

2015-01-08 13:11:49.232 HID Product Solutions[33449:336220] CDVPlugin class SocialSharing (pluginName: socialsharing) does not exist.
2015-01-08 13:11:49.232 HID Product Solutions[33449:336220] [CDVTimer][socialsharing] 0.141025ms
2015-01-08 13:11:49.286 HID Product Solutions[33449:336220] [CDVTimer][splashscreen] 54.001987ms
2015-01-08 13:11:49.286 HID Product Solutions[33449:336220] [CDVTimer][TotalPluginStartup] 54.459035ms
2015-01-08 13:11:49.320 HID Product Solutions[33449:336220] Resetting plugins due to page load.
2015-01-08 13:11:49.588 HID Product Solutions[33449:336220] Finished load of: file:///Users/MMcWilliams/Library/Developer/CoreSimulator/Devices/9002621D-9032-42D1-8DF8-4C99EE568D70/data/Containers/Bundle/Application/051DD3DF-362C-4473-85B2-7A90011E54B5/HID%20Product%20Solutions.app/www/index.html
2015-01-08 13:14:27.599 HID Product Solutions[33739:338086] DiskCookieStorage changing policy from 2 to 0, cookie file: file:///Users/MMcWilliams/Library/Developer/CoreSimulator/Devices/9002621D-9032-42D1-8DF8-4C99EE568D70/data/Containers/Data/Application/4BCBF975-4AB3-4F75-BE94-3687B999F2BC/Library/Cookies/Cookies.binarycookies
2015-01-08 13:14:27.667 HID Product Solutions[33739:338086] Apache Cordova native platform version 3.7.0 is starting.
2015-01-08 13:14:27.668 HID Product Solutions[33739:338086] Multi-tasking -> Device: YES, App: YES
2015-01-08 13:14:27.669 HID Product Solutions[33739:338086] Unlimited access to network resources
2015-01-08 13:14:27.671 HID Product Solutions[33739:338086] 

Started backup to iCloud! Please be careful.
Your application might be rejected by Apple if you store too much data.
For more information please read "iOS Data Storage Guidelines" at:
https://developer.apple.com/icloud/documentation/data-storage/
To disable web storage backup to iCloud, set the BackupWebStorage preference to "local" in the Cordova config.xml file

2015-01-08 13:14:27.829 HID Product Solutions[33739:338086] CDVPlugin class SocialSharing (pluginName: socialsharing) does not exist.
2015-01-08 13:14:27.830 HID Product Solutions[33739:338086] [CDVTimer][socialsharing] 0.144958ms
2015-01-08 13:14:27.846 HID Product Solutions[33739:338086] [CDVTimer][splashscreen] 15.918970ms
2015-01-08 13:14:27.846 HID Product Solutions[33739:338086] [CDVTimer][TotalPluginStartup] 16.408980ms
2015-01-08 13:14:27.880 HID Product Solutions[33739:338086] Resetting plugins due to page load.
2015-01-08 13:14:28.055 HID Product Solutions[33739:338086] Finished load of: file:///Users/MMcWilliams/Library/Developer/CoreSimulator/Devices/9002621D-9032-42D1-8DF8-4C99EE568D70/data/Containers/Bundle/Application/C96200D0-F305-4C95-B565-B3C2276B4914/HID%20Product%20Solutions.app/www/index.html
2015-01-08 13:17:07.021 HID Product Solutions[34028:340347] DiskCookieStorage changing policy from 2 to 0, cookie file: file:///Users/MMcWilliams/Library/Developer/CoreSimulator/Devices/9002621D-9032-42D1-8DF8-4C99EE568D70/data/Containers/Data/Application/9171C4E2-9C83-4226-9487-8B6D690EA0F0/Library/Cookies/Cookies.binarycookies
2015-01-08 13:17:07.095 HID Product Solutions[34028:340347] Apache Cordova native platform version 3.7.0 is starting.
2015-01-08 13:17:07.095 HID Product Solutions[34028:340347] Multi-tasking -> Device: YES, App: YES
2015-01-08 13:17:07.096 HID Product Solutions[34028:340347] Unlimited access to network resources
2015-01-08 13:17:07.099 HID Product Solutions[34028:340347] 

Started backup to iCloud! Please be careful.
Your application might be rejected by Apple if you store too much data.
For more information please read "iOS Data Storage Guidelines" at:
https://developer.apple.com/icloud/documentation/data-storage/
To disable web storage backup to iCloud, set the BackupWebStorage preference to "local" in the Cordova config.xml file

2015-01-08 13:17:07.267 HID Product Solutions[34028:340347] CDVPlugin class SocialSharing (pluginName: socialsharing) does not exist.
2015-01-08 13:17:07.267 HID Product Solutions[34028:340347] [CDVTimer][socialsharing] 0.151038ms
2015-01-08 13:17:07.292 HID Product Solutions[34028:340347] [CDVTimer][splashscreen] 25.493979ms
2015-01-08 13:17:07.293 HID Product Solutions[34028:340347] [CDVTimer][TotalPluginStartup] 25.968969ms
2015-01-08 13:17:07.327 HID Product Solutions[34028:340347] Resetting plugins due to page load.
2015-01-08 13:17:07.520 HID Product Solutions[34028:340347] Finished load of: file:///Users/MMcWilliams/Library/Developer/CoreSimulator/Devices/9002621D-9032-42D1-8DF8-4C99EE568D70/data/Containers/Bundle/Application/CC28728D-C8B8-4351-8E4B-8339D7F02385/HID%20Product%20Solutions.app/www/index.html
2015-01-08 13:22:47.838 HID Product Solutions[34359:344044] DiskCookieStorage changing policy from 2 to 0, cookie file: file:///Users/MMcWilliams/Library/Developer/CoreSimulator/Devices/9002621D-9032-42D1-8DF8-4C99EE568D70/data/Containers/Data/Application/708A72E2-4B08-4E2D-977C-B63A01B10D6F/Library/Cookies/Cookies.binarycookies
2015-01-08 13:22:47.913 HID Product Solutions[34359:344044] Apache Cordova native platform version 3.7.0 is starting.
2015-01-08 13:22:47.914 HID Product Solutions[34359:344044] Multi-tasking -> Device: YES, App: YES
2015-01-08 13:22:47.917 HID Product Solutions[34359:344044] Unlimited access to network resources
2015-01-08 13:22:47.920 HID Product Solutions[34359:344044] 

Started backup to iCloud! Please be careful.
Your application might be rejected by Apple if you store too much data.
For more information please read "iOS Data Storage Guidelines" at:
https://developer.apple.com/icloud/documentation/data-storage/
To disable web storage backup to iCloud, set the BackupWebStorage preference to "local" in the Cordova config.xml file

2015-01-08 13:22:48.087 HID Product Solutions[34359:344044] CDVPlugin class SocialSharing (pluginName: socialsharing) does not exist.
2015-01-08 13:22:48.087 HID Product Solutions[34359:344044] [CDVTimer][socialsharing] 0.141978ms
2015-01-08 13:22:48.111 HID Product Solutions[34359:344044] [CDVTimer][splashscreen] 23.274958ms
2015-01-08 13:22:48.111 HID Product Solutions[34359:344044] [CDVTimer][TotalPluginStartup] 23.702025ms
2015-01-08 13:22:48.148 HID Product Solutions[34359:344044] Resetting plugins due to page load.
2015-01-08 13:22:48.336 HID Product Solutions[34359:344044] Finished load of: file:///Users/MMcWilliams/Library/Developer/CoreSimulator/Devices/9002621D-9032-42D1-8DF8-4C99EE568D70/data/Containers/Bundle/Application/58EE09D7-51CB-4F22-83E1-0B0187F172B6/HID%20Product%20Solutions.app/www/index.html
2015-01-08 13:23:52.227 HID Product Solutions[34616:345233] DiskCookieStorage changing policy from 2 to 0, cookie file: file:///Users/MMcWilliams/Library/Developer/CoreSimulator/Devices/9002621D-9032-42D1-8DF8-4C99EE568D70/data/Containers/Data/Application/9BFAB9ED-B650-4E0D-A71E-65210199A1BD/Library/Cookies/Cookies.binarycookies
2015-01-08 13:23:52.305 HID Product Solutions[34616:345233] Apache Cordova native platform version 3.7.0 is starting.
2015-01-08 13:23:52.305 HID Product Solutions[34616:345233] Multi-tasking -> Device: YES, App: YES
2015-01-08 13:23:52.306 HID Product Solutions[34616:345233] Unlimited access to network resources
2015-01-08 13:23:52.309 HID Product Solutions[34616:345233] 

Started backup to iCloud! Please be careful.
Your application might be rejected by Apple if you store too much data.
For more information please read "iOS Data Storage Guidelines" at:
https://developer.apple.com/icloud/documentation/data-storage/
To disable web storage backup to iCloud, set the BackupWebStorage preference to "local" in the Cordova config.xml file

2015-01-08 13:23:52.482 HID Product Solutions[34616:345233] CDVPlugin class SocialSharing (pluginName: socialsharing) does not exist.
2015-01-08 13:23:52.482 HID Product Solutions[34616:345233] [CDVTimer][socialsharing] 0.150025ms
2015-01-08 13:23:52.507 HID Product Solutions[34616:345233] [CDVTimer][splashscreen] 24.697006ms
2015-01-08 13:23:52.507 HID Product Solutions[34616:345233] [CDVTimer][TotalPluginStartup] 25.132000ms
2015-01-08 13:23:52.539 HID Product Solutions[34616:345233] Resetting plugins due to page load.
2015-01-08 13:23:52.718 HID Product Solutions[34616:345233] Finished load of: file:///Users/MMcWilliams/Library/Developer/CoreSimulator/Devices/9002621D-9032-42D1-8DF8-4C99EE568D70/data/Containers/Bundle/Application/63527F67-E79E-4606-9F9F-1F033AF86E09/HID%20Product%20Solutions.app/www/index.html
2015-01-08 13:26:17.923 HID Product Solutions[34896:346901] DiskCookieStorage changing policy from 2 to 0, cookie file: file:///Users/MMcWilliams/Library/Developer/CoreSimulator/Devices/9002621D-9032-42D1-8DF8-4C99EE568D70/data/Containers/Data/Application/75D7829F-69AA-4DB9-9EEF-B9A576F21D80/Library/Cookies/Cookies.binarycookies
2015-01-08 13:26:18.004 HID Product Solutions[34896:346901] Apache Cordova native platform version 3.7.0 is starting.
2015-01-08 13:26:18.004 HID Product Solutions[34896:346901] Multi-tasking -> Device: YES, App: YES
2015-01-08 13:26:18.006 HID Product Solutions[34896:346901] Unlimited access to network resources
2015-01-08 13:26:18.008 HID Product Solutions[34896:346901] 

Started backup to iCloud! Please be careful.
Your application might be rejected by Apple if you store too much data.
For more information please read "iOS Data Storage Guidelines" at:
https://developer.apple.com/icloud/documentation/data-storage/
To disable web storage backup to iCloud, set the BackupWebStorage preference to "local" in the Cordova config.xml file

2015-01-08 13:26:18.179 HID Product Solutions[34896:346901] CDVPlugin class SocialSharing (pluginName: socialsharing) does not exist.
2015-01-08 13:26:18.180 HID Product Solutions[34896:346901] [CDVTimer][socialsharing] 0.144005ms
2015-01-08 13:26:18.207 HID Product Solutions[34896:346901] [CDVTimer][splashscreen] 27.074993ms
2015-01-08 13:26:18.207 HID Product Solutions[34896:346901] [CDVTimer][TotalPluginStartup] 27.516961ms
2015-01-08 13:26:18.240 HID Product Solutions[34896:346901] Resetting plugins due to page load.
2015-01-08 13:26:18.417 HID Product Solutions[34896:346901] Finished load of: file:///Users/MMcWilliams/Library/Developer/CoreSimulator/Devices/9002621D-9032-42D1-8DF8-4C99EE568D70/data/Containers/Bundle/Application/C34F1D2E-2A4C-4093-9199-A348B849632F/HID%20Product%20Solutions.app/www/index.html
2015-01-08 13:29:51.465 HID Product Solutions[35186:349235] DiskCookieStorage changing policy from 2 to 0, cookie file: file:///Users/MMcWilliams/Library/Developer/CoreSimulator/Devices/9002621D-9032-42D1-8DF8-4C99EE568D70/data/Containers/Data/Application/764B2728-F15A-49DC-B019-4015BBC97648/Library/Cookies/Cookies.binarycookies
2015-01-08 13:29:51.548 HID Product Solutions[35186:349235] Apache Cordova native platform version 3.7.0 is starting.
2015-01-08 13:29:51.548 HID Product Solutions[35186:349235] Multi-tasking -> Device: YES, App: YES
2015-01-08 13:29:51.550 HID Product Solutions[35186:349235] Unlimited access to network resources
2015-01-08 13:29:51.552 HID Product Solutions[35186:349235] 

Started backup to iCloud! Please be careful.
Your application might be rejected by Apple if you store too much data.
For more information please read "iOS Data Storage Guidelines" at:
https://developer.apple.com/icloud/documentation/data-storage/
To disable web storage backup to iCloud, set the BackupWebStorage preference to "local" in the Cordova config.xml file

2015-01-08 13:29:51.737 HID Product Solutions[35186:349235] CDVPlugin class SocialSharing (pluginName: socialsharing) does not exist.
2015-01-08 13:29:51.737 HID Product Solutions[35186:349235] [CDVTimer][socialsharing] 0.184953ms
2015-01-08 13:29:51.783 HID Product Solutions[35186:349235] [CDVTimer][splashscreen] 45.661986ms
2015-01-08 13:29:51.783 HID Product Solutions[35186:349235] [CDVTimer][TotalPluginStartup] 46.145976ms
2015-01-08 13:29:51.816 HID Product Solutions[35186:349235] Resetting plugins due to page load.
2015-01-08 13:29:52.105 HID Product Solutions[35186:349235] Finished load of: file:///Users/MMcWilliams/Library/Developer/CoreSimulator/Devices/9002621D-9032-42D1-8DF8-4C99EE568D70/data/Containers/Bundle/Application/B1AB78E2-6E5E-49DD-B4DB-568CA322B597/HID%20Product%20Solutions.app/www/index.html
2015-01-08 13:35:37.512 HID Product Solutions[35509:352893] DiskCookieStorage changing policy from 2 to 0, cookie file: file:///Users/MMcWilliams/Library/Developer/CoreSimulator/Devices/9002621D-9032-42D1-8DF8-4C99EE568D70/data/Containers/Data/Application/257D9529-1128-424C-91B5-4E554744F8E4/Library/Cookies/Cookies.binarycookies
2015-01-08 13:35:37.601 HID Product Solutions[35509:352893] Apache Cordova native platform version 3.7.0 is starting.
2015-01-08 13:35:37.601 HID Product Solutions[35509:352893] Multi-tasking -> Device: YES, App: YES
2015-01-08 13:35:37.602 HID Product Solutions[35509:352893] Unlimited access to network resources
2015-01-08 13:35:37.605 HID Product Solutions[35509:352893] 

Started backup to iCloud! Please be careful.
Your application might be rejected by Apple if you store too much data.
For more information please read "iOS Data Storage Guidelines" at:
https://developer.apple.com/icloud/documentation/data-storage/
To disable web storage backup to iCloud, set the BackupWebStorage preference to "local" in the Cordova config.xml file

2015-01-08 13:35:37.788 HID Product Solutions[35509:352893] CDVPlugin class SocialSharing (pluginName: socialsharing) does not exist.
2015-01-08 13:35:37.788 HID Product Solutions[35509:352893] [CDVTimer][socialsharing] 0.141025ms
2015-01-08 13:35:37.842 HID Product Solutions[35509:352893] [CDVTimer][splashscreen] 54.196000ms
2015-01-08 13:35:37.842 HID Product Solutions[35509:352893] [CDVTimer][TotalPluginStartup] 54.654956ms
2015-01-08 13:35:37.877 HID Product Solutions[35509:352893] Resetting plugins due to page load.
2015-01-08 13:35:38.086 HID Product Solutions[35509:352893] Finished load of: file:///Users/MMcWilliams/Library/Developer/CoreSimulator/Devices/9002621D-9032-42D1-8DF8-4C99EE568D70/data/Containers/Bundle/Application/FD016DF7-5D8F-466A-8E57-8351EE5CE9D5/HID%20Product%20Solutions.app/www/index.html
2015-01-08 13:42:39.477 HID Product Solutions[35840:355860] DiskCookieStorage changing policy from 2 to 0, cookie file: file:///Users/MMcWilliams/Library/Developer/CoreSimulator/Devices/9002621D-9032-42D1-8DF8-4C99EE568D70/data/Containers/Data/Application/BCC6B3FF-635E-4DDC-A1CC-B861CBCD68C4/Library/Cookies/Cookies.binarycookies
2015-01-08 13:42:39.576 HID Product Solutions[35840:355860] Apache Cordova native platform version 3.7.0 is starting.
2015-01-08 13:42:39.576 HID Product Solutions[35840:355860] Multi-tasking -> Device: YES, App: YES
2015-01-08 13:42:39.577 HID Product Solutions[35840:355860] Unlimited access to network resources
2015-01-08 13:42:39.580 HID Product Solutions[35840:355860] 

Started backup to iCloud! Please be careful.
Your application might be rejected by Apple if you store too much data.
For more information please read "iOS Data Storage Guidelines" at:
https://developer.apple.com/icloud/documentation/data-storage/
To disable web storage backup to iCloud, set the BackupWebStorage preference to "local" in the Cordova config.xml file

2015-01-08 13:42:39.770 HID Product Solutions[35840:355860] CDVPlugin class SocialSharing (pluginName: socialsharing) does not exist.
2015-01-08 13:42:39.770 HID Product Solutions[35840:355860] [CDVTimer][socialsharing] 0.142992ms
2015-01-08 13:42:39.822 HID Product Solutions[35840:355860] [CDVTimer][splashscreen] 51.180005ms
2015-01-08 13:42:39.822 HID Product Solutions[35840:355860] [CDVTimer][TotalPluginStartup] 51.640987ms
2015-01-08 13:42:39.857 HID Product Solutions[35840:355860] Resetting plugins due to page load.
2015-01-08 13:42:40.065 HID Product Solutions[35840:355860] Finished load of: file:///Users/MMcWilliams/Library/Developer/CoreSimulator/Devices/9002621D-9032-42D1-8DF8-4C99EE568D70/data/Containers/Bundle/Application/63D228F3-E258-4A8C-9741-D441F80ABAD7/HID%20Product%20Solutions.app/www/index.html
